[debug] [2022-11-06T22:28:03.571Z] ----------------------------------------------------------------------
[debug] [2022-11-06T22:28:03.572Z] Command:       /Users/davidcheung/.nvm/versions/node/v18.9.0/bin/node /Users/davidcheung/.nvm/versions/node/v18.9.0/bin/firebase emulators:exec --import=./saved-data npm start
[debug] [2022-11-06T22:28:03.573Z] CLI Version:   11.9.0
[debug] [2022-11-06T22:28:03.573Z] Platform:      darwin
[debug] [2022-11-06T22:28:03.573Z] Node Version:  v18.9.0
[debug] [2022-11-06T22:28:03.577Z] Time:          Sun Nov 06 2022 16:28:03 GMT-0600 (Central Standard Time)
[debug] [2022-11-06T22:28:03.578Z] ----------------------------------------------------------------------
[debug] 
[debug] [2022-11-06T22:28:03.580Z] >>> [apiv2][query] GET https://firebase-public.firebaseio.com/cli.json [none]
[debug] [2022-11-06T22:28:03.702Z] > command requires scopes: ["email","openid","https://www.googleapis.com/auth/cloudplatformprojects.readonly","https://www.googleapis.com/auth/firebase","https://www.googleapis.com/auth/cloud-platform"]
[debug] [2022-11-06T22:28:03.702Z] > authorizing via signed-in user (davidcheung231@gmail.com)
[info] i  emulators: Starting emulators: hosting {"metadata":{"emulator":{"name":"hub"},"message":"Starting emulators: hosting"}}
[debug] [2022-11-06T22:28:03.721Z] [hub] writing locator at /var/folders/zy/55ss7q015wg6ljyvf2xsx9dw0000gn/T/hub-react-tutorial-497.json
[info] i  emulators: Shutting down emulators. {"metadata":{"emulator":{"name":"hub"},"message":"Shutting down emulators."}}
[info] i  hub: Stopping emulator hub {"metadata":{"emulator":{"name":"hub"},"message":"Stopping emulator hub"}}
[debug] [2022-11-06T22:28:03.783Z] <<< [apiv2][status] GET https://firebase-public.firebaseio.com/cli.json 200
[debug] [2022-11-06T22:28:03.783Z] <<< [apiv2][body] GET https://firebase-public.firebaseio.com/cli.json {"cloudBuildErrorAfter":1594252800000,"cloudBuildWarnAfter":1590019200000,"defaultNode10After":1594252800000,"minVersion":"3.0.5","node8DeploysDisabledAfter":1613390400000,"node8RuntimeDisabledAfter":1615809600000,"node8WarnAfter":1600128000000}
[debug] [2022-11-06T22:28:03.827Z] Error: ENOENT: no such file or directory, lstat '/Users/davidcheung/Desktop/EveryThing/HW/CS497/my-app/saved-data'
    at Object.lstatSync (node:fs:1574:3)
    at findExportMetadata (/Users/davidcheung/.nvm/versions/node/v18.9.0/lib/node_modules/firebase-tools/lib/emulator/controller.js:171:32)
    at Object.startAll (/Users/davidcheung/.nvm/versions/node/v18.9.0/lib/node_modules/firebase-tools/lib/emulator/controller.js:268:31)
    at process.processTicksAndRejections (node:internal/process/task_queues:95:5)
    at async emulatorExec (/Users/davidcheung/.nvm/versions/node/v18.9.0/lib/node_modules/firebase-tools/lib/emulator/commandUtils.js:306:35)
[error] 
[error] Error: An unexpected error has occurred.
[debug] [2022-11-06T22:28:26.768Z] ----------------------------------------------------------------------
[debug] [2022-11-06T22:28:26.770Z] Command:       /Users/davidcheung/.nvm/versions/node/v18.9.0/bin/node /Users/davidcheung/.nvm/versions/node/v18.9.0/bin/firebase emulators:exec --import=./saved-data npm start
[debug] [2022-11-06T22:28:26.770Z] CLI Version:   11.9.0
[debug] [2022-11-06T22:28:26.770Z] Platform:      darwin
[debug] [2022-11-06T22:28:26.771Z] Node Version:  v18.9.0
[debug] [2022-11-06T22:28:26.775Z] Time:          Sun Nov 06 2022 16:28:26 GMT-0600 (Central Standard Time)
[debug] [2022-11-06T22:28:26.776Z] ----------------------------------------------------------------------
[debug] 
[debug] [2022-11-06T22:28:26.899Z] > command requires scopes: ["email","openid","https://www.googleapis.com/auth/cloudplatformprojects.readonly","https://www.googleapis.com/auth/firebase","https://www.googleapis.com/auth/cloud-platform"]
[debug] [2022-11-06T22:28:26.899Z] > authorizing via signed-in user (davidcheung231@gmail.com)
[info] i  emulators: Starting emulators: hosting {"metadata":{"emulator":{"name":"hub"},"message":"Starting emulators: hosting"}}
[debug] [2022-11-06T22:28:26.929Z] [hub] writing locator at /var/folders/zy/55ss7q015wg6ljyvf2xsx9dw0000gn/T/hub-react-tutorial-497.json
[info] i  emulators: Shutting down emulators. {"metadata":{"emulator":{"name":"hub"},"message":"Shutting down emulators."}}
[info] i  hub: Stopping emulator hub {"metadata":{"emulator":{"name":"hub"},"message":"Stopping emulator hub"}}
[debug] [2022-11-06T22:28:27.030Z] Error: ENOENT: no such file or directory, lstat '/Users/davidcheung/Desktop/EveryThing/HW/CS497/my-app/saved-data'
    at Object.lstatSync (node:fs:1574:3)
    at findExportMetadata (/Users/davidcheung/.nvm/versions/node/v18.9.0/lib/node_modules/firebase-tools/lib/emulator/controller.js:171:32)
    at Object.startAll (/Users/davidcheung/.nvm/versions/node/v18.9.0/lib/node_modules/firebase-tools/lib/emulator/controller.js:268:31)
    at process.processTicksAndRejections (node:internal/process/task_queues:95:5)
    at async emulatorExec (/Users/davidcheung/.nvm/versions/node/v18.9.0/lib/node_modules/firebase-tools/lib/emulator/commandUtils.js:306:35)
[error] 
[error] Error: An unexpected error has occurred.
[debug] [2022-11-06T22:28:40.901Z] ----------------------------------------------------------------------
[debug] [2022-11-06T22:28:40.903Z] Command:       /Users/davidcheung/.nvm/versions/node/v18.9.0/bin/node /Users/davidcheung/.nvm/versions/node/v18.9.0/bin/firebase emulators:exec --import=./saved-data npm start
[debug] [2022-11-06T22:28:40.903Z] CLI Version:   11.9.0
[debug] [2022-11-06T22:28:40.903Z] Platform:      darwin
[debug] [2022-11-06T22:28:40.904Z] Node Version:  v18.9.0
[debug] [2022-11-06T22:28:40.905Z] Time:          Sun Nov 06 2022 16:28:40 GMT-0600 (Central Standard Time)
[debug] [2022-11-06T22:28:40.905Z] ----------------------------------------------------------------------
[debug] 
[debug] [2022-11-06T22:28:41.002Z] > command requires scopes: ["email","openid","https://www.googleapis.com/auth/cloudplatformprojects.readonly","https://www.googleapis.com/auth/firebase","https://www.googleapis.com/auth/cloud-platform"]
[debug] [2022-11-06T22:28:41.003Z] > authorizing via signed-in user (davidcheung231@gmail.com)
[info] i  emulators: Starting emulators: hosting {"metadata":{"emulator":{"name":"hub"},"message":"Starting emulators: hosting"}}
[debug] [2022-11-06T22:28:41.019Z] [hub] writing locator at /var/folders/zy/55ss7q015wg6ljyvf2xsx9dw0000gn/T/hub-react-tutorial-497.json
[info] i  emulators: Shutting down emulators. {"metadata":{"emulator":{"name":"hub"},"message":"Shutting down emulators."}}
[info] i  hub: Stopping emulator hub {"metadata":{"emulator":{"name":"hub"},"message":"Stopping emulator hub"}}
[debug] [2022-11-06T22:28:41.108Z] Error: ENOENT: no such file or directory, lstat '/Users/davidcheung/Desktop/EveryThing/HW/CS497/my-app/saved-data'
    at Object.lstatSync (node:fs:1574:3)
    at findExportMetadata (/Users/davidcheung/.nvm/versions/node/v18.9.0/lib/node_modules/firebase-tools/lib/emulator/controller.js:171:32)
    at Object.startAll (/Users/davidcheung/.nvm/versions/node/v18.9.0/lib/node_modules/firebase-tools/lib/emulator/controller.js:268:31)
    at process.processTicksAndRejections (node:internal/process/task_queues:95:5)
    at async emulatorExec (/Users/davidcheung/.nvm/versions/node/v18.9.0/lib/node_modules/firebase-tools/lib/emulator/commandUtils.js:306:35)
[error] 
[error] Error: An unexpected error has occurred.
[debug] [2022-11-06T22:43:35.683Z] ----------------------------------------------------------------------
[debug] [2022-11-06T22:43:35.684Z] Command:       /Users/davidcheung/.nvm/versions/node/v18.9.0/bin/node /Users/davidcheung/.nvm/versions/node/v18.9.0/bin/firebase emulators:exec --import=./saved-data npm start
[debug] [2022-11-06T22:43:35.685Z] CLI Version:   11.9.0
[debug] [2022-11-06T22:43:35.685Z] Platform:      darwin
[debug] [2022-11-06T22:43:35.685Z] Node Version:  v18.9.0
[debug] [2022-11-06T22:43:35.693Z] Time:          Sun Nov 06 2022 16:43:35 GMT-0600 (Central Standard Time)
[debug] [2022-11-06T22:43:35.693Z] ----------------------------------------------------------------------
[debug] 
[debug] [2022-11-06T22:43:35.821Z] > command requires scopes: ["email","openid","https://www.googleapis.com/auth/cloudplatformprojects.readonly","https://www.googleapis.com/auth/firebase","https://www.googleapis.com/auth/cloud-platform"]
[debug] [2022-11-06T22:43:35.821Z] > authorizing via signed-in user (davidcheung231@gmail.com)
[info] i  emulators: Starting emulators: hosting {"metadata":{"emulator":{"name":"hub"},"message":"Starting emulators: hosting"}}
[debug] [2022-11-06T22:43:35.839Z] [hub] writing locator at /var/folders/zy/55ss7q015wg6ljyvf2xsx9dw0000gn/T/hub-react-tutorial-497.json
[info] i  emulators: Shutting down emulators. {"metadata":{"emulator":{"name":"hub"},"message":"Shutting down emulators."}}
[info] i  hub: Stopping emulator hub {"metadata":{"emulator":{"name":"hub"},"message":"Stopping emulator hub"}}
[debug] [2022-11-06T22:43:35.953Z] Error: ENOENT: no such file or directory, lstat '/Users/davidcheung/Desktop/EveryThing/HW/CS497/my-app/saved-data'
    at Object.lstatSync (node:fs:1574:3)
    at findExportMetadata (/Users/davidcheung/.nvm/versions/node/v18.9.0/lib/node_modules/firebase-tools/lib/emulator/controller.js:171:32)
    at Object.startAll (/Users/davidcheung/.nvm/versions/node/v18.9.0/lib/node_modules/firebase-tools/lib/emulator/controller.js:268:31)
    at process.processTicksAndRejections (node:internal/process/task_queues:95:5)
    at async emulatorExec (/Users/davidcheung/.nvm/versions/node/v18.9.0/lib/node_modules/firebase-tools/lib/emulator/commandUtils.js:306:35)
[error] 
[error] Error: An unexpected error has occurred.
[debug] [2022-11-06T22:44:53.051Z] ----------------------------------------------------------------------
[debug] [2022-11-06T22:44:53.053Z] Command:       /Users/davidcheung/.nvm/versions/node/v18.9.0/bin/node /Users/davidcheung/.nvm/versions/node/v18.9.0/bin/firebase emulators:exec --import=./saved-data npm start
[debug] [2022-11-06T22:44:53.053Z] CLI Version:   11.9.0
[debug] [2022-11-06T22:44:53.053Z] Platform:      darwin
[debug] [2022-11-06T22:44:53.053Z] Node Version:  v18.9.0
[debug] [2022-11-06T22:44:53.059Z] Time:          Sun Nov 06 2022 16:44:53 GMT-0600 (Central Standard Time)
[debug] [2022-11-06T22:44:53.059Z] ----------------------------------------------------------------------
[debug] 
[debug] [2022-11-06T22:44:53.192Z] > command requires scopes: ["email","openid","https://www.googleapis.com/auth/cloudplatformprojects.readonly","https://www.googleapis.com/auth/firebase","https://www.googleapis.com/auth/cloud-platform"]
[debug] [2022-11-06T22:44:53.193Z] > authorizing via signed-in user (davidcheung231@gmail.com)
[info] i  emulators: Starting emulators: hosting {"metadata":{"emulator":{"name":"hub"},"message":"Starting emulators: hosting"}}
[debug] [2022-11-06T22:44:53.211Z] [hub] writing locator at /var/folders/zy/55ss7q015wg6ljyvf2xsx9dw0000gn/T/hub-react-tutorial-497.json
[info] i  emulators: Shutting down emulators. {"metadata":{"emulator":{"name":"hub"},"message":"Shutting down emulators."}}
[info] i  hub: Stopping emulator hub {"metadata":{"emulator":{"name":"hub"},"message":"Stopping emulator hub"}}
[debug] [2022-11-06T22:44:53.302Z] Error: ENOENT: no such file or directory, lstat '/Users/davidcheung/Desktop/EveryThing/HW/CS497/my-app/saved-data'
    at Object.lstatSync (node:fs:1574:3)
    at findExportMetadata (/Users/davidcheung/.nvm/versions/node/v18.9.0/lib/node_modules/firebase-tools/lib/emulator/controller.js:171:32)
    at Object.startAll (/Users/davidcheung/.nvm/versions/node/v18.9.0/lib/node_modules/firebase-tools/lib/emulator/controller.js:268:31)
    at process.processTicksAndRejections (node:internal/process/task_queues:95:5)
    at async emulatorExec (/Users/davidcheung/.nvm/versions/node/v18.9.0/lib/node_modules/firebase-tools/lib/emulator/commandUtils.js:306:35)
[error] 
[error] Error: An unexpected error has occurred.
